
시작: 2013년 11월 18일 월요일 19:21:32

Adobe PostScript3018.101
CID support library initialization completed.

/ArialMT
/Arial-BoldMT
/Arial-BoldItalicMT
/Arial-ItalicMT
/Arial-Black
/Batang
/BatangChe
/Gungsuh
/GungsuhChe
/ComicSansMS
/ComicSansMS-Bold
/CourierNewPSMT
/CourierNewPS-BoldMT
/CourierNewPS-BoldItalicMT
/CourierNewPS-ItalicMT
/EstrangeloEdessa
/FranklinGothic-Medium
/FranklinGothic-MediumItalic
/Gautami
/Georgia
/Georgia-Bold
/Georgia-Italic
/Georgia-BoldItalic
/Gulim
/GulimChe
/Dotum
/DotumChe
/Impact
/Kartika
/Latha
/LucidaSans
/LucidaSans-Demi
/LucidaSans-DemiItalic
/LucidaSans-Italic
/LucidaConsole
/LucidaSansUnicode
/Mangal-Regular
/MicrosoftSansSerif
/MingLiU
/PMingLiU
/MS-Gothic
/MS-PGothic
/MS-UIGothic
/MS-Mincho
/MS-PMincho
/MVBoli
/PalatinoLinotype-Roman
/PalatinoLinotype-Bold
/PalatinoLinotype-BoldItalic
/PalatinoLinotype-Italic
/Raavi
/Shruti
/SimHei
/SimSun
/NSimSun
/SimSun-PUA
/Sylfaen
/SymbolMT
/Tahoma
/Tahoma-Bold
/TimesNewRomanPSMT
/TimesNewRomanPS-BoldMT
/TimesNewRomanPS-BoldItalicMT
/TimesNewRomanPS-ItalicMT
/TrebuchetMS
/TrebuchetMS-Bold
/Trebuchet-BoldItalic
/TrebuchetMS-Italic
/Tunga-Regular
/Verdana
/Verdana-Bold
/Verdana-Italic
/Verdana-BoldItalic
/Vrinda
/Webdings
/Wingdings-Regular
/ZWAdobeF
/AdobeArabic-Bold
/AdobeArabic-BoldItalic
/AdobeArabic-Italic
/AdobeArabic-Regular
/AdobeHebrew-Bold
/AdobeHebrew-BoldItalic
/AdobeHebrew-Italic
/AdobeHebrew-Regular
/AdobePiStd
/AdobeThai-Bold
/AdobeThai-BoldItalic
/AdobeThai-Italic
/AdobeThai-Regular
/CourierStd-Bold
/CourierStd-BoldOblique
/CourierStd-Oblique
/CourierStd
/MinionPro-Bold
/MinionPro-BoldIt
/MinionPro-It
/MinionPro-Regular
/MyriadPro-Bold
/MyriadPro-BoldIt
/MyriadPro-It
/MyriadPro-Regular
/Symbol
/AdobeSansMM
/AdobeSerifMM
/Courier-BoldOblique
/Courier-Bold
/Courier
/Courier-Oblique
/AppleGothic
/AppleMyungjo
/Beijing
/DFKaiShu-SB-Estd-BF
/FutoGoB101-Bold
/FutoMinA101-Bold
/GothicBBB-Medium
/GothicMB101-Bold
/GothicMB101-hea
/GothicMB101-Ult
/HeiseiKakuGo-W3
/HeiseiKakuGo-W5
/HeiseiKakuGo-W7
/HeiseiKakuGo-W9
/HeiseiMaruGo-W4
/HeiseiMin-W3
/HeiseiMin-W3H
/HeiseiMin-W5
/HeiseiMin-W7
/HeiseiMin-W9
/HonMincho-M
/HYGoThic-Medium
/HYGungSo-Bold
/HYKHeadLine-Bold
/HYKHeadLine-Medium
/HYRGoThic-Medium
/HYSMyeongJo-Medium
/JCfg
/JCkg
/Jun101-Light
/Jun34-Medium
/Jun501-Bold
/KozMin-Bold
/KozMin-ExtraLight
/KozMin-Heavy
/KozMin-Light
/KozMin-Medium
/KozMin-Regular
/KyokaICA-Light
/KyokaICA-Medium
/KyokaICA-regular
/LiGothicMed
/LiSungLight
/LogoArl-Bold
/LogoArl-Light
/LogoArl-Medium
/LogoArl-Ultra
/LogoCut-Bold
/LogoCut-Light
/LogoCut-Medium
/LogoCut-Ultra
/LogoLine-Bold
/LogoLine-Light
/LogoLine-Medium
/LogoLine-Ultra
/MaruGothic-M
/MHei-Medium
/MidashiGo-MB31
/MidashiMin-MA31
/MKai-Medium
/MSung-Light
/MSung-Medium
/Munhwa-Regular
/MunhwaGothic-Regular
/Osaka
/Osaka-Mono
/Ryumin-Bold
/Ryumin-heavy
/Ryumin-Light
/Ryumin-Medium
/Ryumin-regular
/Ryumin-Ultra
/Seoul
/ShinGo-Bold
/ShinGo-Light
/ShinGo-Medium
/ShinGo-regular
/ShinGo-Ultra
/ShinseiKai-CBSK1
/SIL-FangSong-
/SIL-FangSong-Reg-Jian
/SIL-Hei-Med-Jian
/SIL-Kai-
/SIL-Kai-Reg-Jian
/SIL-Song-Reg-Jian
/SMGothic-Bold
/SMGothic-DemiBold
/SMGothic-Light
/SMGothic-Medium
/SMMyungjo-Bold
/SMMyungjo-DemiBold
/SMMyungjo-Light
/SMMyungjo-Medium
/STFangsong-Light
/STHeiti-Regular
/STKaiti-Regular
/STSong-Light
/Taipei
/TBKomachiG-B
/TBKomachiG-DB
/TBKomachiG-E
/TBKomachiG-hv
/TBKomachiG-M
/TBKomachiG-R
/TBKomachiM-DE
/TBKomachiM-E
/TBKomachiM-hv
/TBKomachiM-M
/TBKomachiRG-R
/TBKoudoukenG-B
/TBKoudoukenG-DB
/TBKoudoukenG-E
/TBKoudoukenG-hv
/TBKoudoukenG-M
/TBKoudoukenG-R
/TBKoudoukenM-DE
/TBKoudoukenM-E
/TBKoudoukenM-hv
/TBKoudoukenM-M
/TBKoudoukenRG-R
/TBRyokanG-B
/TBRyokanG-DB
/TBRyokanG-E
/TBRyokanG-hv
/TBRyokanG-M
/TBRyokanG-R
/TBRyokanM-DE
/TBRyokanM-E
/TBRyokanM-hv
/TBRyokanM-M
/TBRyokanRG-R
/TBTsukijiG-B
/TBTsukijiG-DB
/TBTsukijiG-E
/TBTsukijiG-hv
/TBTsukijiG-M
/TBTsukijiG-R
/TBTsukijiM-DE
/TBTsukijiM-E
/TBTsukijiM-hv
/TBTsukijiM-M
/TBTsukijiRG-R
/TBYukinariG-B
/TBYukinariG-DB
/TBYukinariG-E
/TBYukinariG-hv
/TBYukinariG-M
/TBYukinariG-R
/TBYukinariM-DE
/TBYukinariM-E
/TBYukinariM-hv
/TBYukinariM-M
/TBYukinariRG-R
/TypeBankG-b
/TypeBankG-db
/TypeBankG-e
/TypeBankG-hv
/TypeBankG-m
/TypeBankG-r
/TypeBankM-de
/TypeBankM-e
/TypeBankM-hv
/TypeBankM-m
/TypeBankMaruG-r
/CGBM-PropRoman
/ChuGothicBBB-Medium-PropRoman
/FutoMinA101-Bold-PropRoman
/HeiseiKakuGothic-W5-PropRoman
/HeiseiMincho-W3-PropRoman
/HonMincho-M-PropRoman
/HYFix
/JL-PropRoman
/Jun101-Light-PropRoman
/MaruGothic-M-PropRoman
/MidashiMin-MA31-PropRoman
/Mincho-PC-Hiragana
/Mincho-PC-Katakana
/MMMA-PropRoman
/NotDefFont
/Osaka-MonoRoman
/Osaka-PropRoman
/RLKL-PropRoman
/Ryumin-Light-KL-PropRoman
/SMFix

시작: 2013년 11월 19일 화요일 8:13:58

Adobe PostScript3018.101
CID support library initialization completed.

시작: 2013년 11월 19일 화요일 8:28:49

Adobe PostScript3018.101
CID support library initialization completed.

시작: 2013년 11월 19일 화요일 13:25:05

Adobe PostScript3018.101
CID support library initialization completed.

시작: 2013년 11월 19일 화요일 16:35:14

Adobe PostScript3018.101
CID support library initialization completed.

시작: 2013년 11월 19일 화요일 16:47:40

Adobe PostScript3018.101
CID support library initialization completed.

시작: 2013년 11월 19일 화요일 16:52:16

Adobe PostScript3018.101
CID support library initialization completed.

시작: 2013년 11월 19일 화요일 17:35:13

Adobe PostScript3018.101
CID support library initialization completed.

시작: 2013년 11월 19일 화요일 17:39:51

Adobe PostScript3018.101
CID support library initialization completed.

시작: 2014년 2월 13일 목요일 11:13:51

Adobe PostScript3018.101
CID support library initialization completed.

시작: 2014년 2월 13일 목요일 15:11:45

Adobe PostScript3018.101
CID support library initialization completed.

시작: 2014년 2월 13일 목요일 16:14:17

Adobe PostScript3018.101
CID support library initialization completed.

시작: 2014년 2월 14일 금요일 8:58:44

Adobe PostScript3018.101
CID support library initialization completed.

시작: 2014년 2월 14일 금요일 13:31:18

Adobe PostScript3018.101
CID support library initialization completed.

시작: 2014년 2월 14일 금요일 17:28:22

Adobe PostScript3018.101
CID support library initialization completed.

시작: 2014년 2월 14일 금요일 17:38:24

Adobe PostScript3018.101
CID support library initialization completed.

시작: 2014년 2월 14일 금요일 17:48:27

Adobe PostScript3018.101
CID support library initialization completed.

시작: 2014년 2월 14일 금요일 18:09:49

Adobe PostScript3018.101
CID support library initialization completed.

시작: 2014년 2월 18일 화요일 10:08:57

Adobe PostScript3018.101
CID support library initialization completed.

시작: 2014년 2월 18일 화요일 13:36:22

Adobe PostScript3018.101
CID support library initialization completed.

시작: 2014년 2월 19일 수요일 8:55:26

Adobe PostScript3018.101
CID support library initialization completed.

시작: 2014년 2월 19일 수요일 9:25:32

Adobe PostScript3018.101
CID support library initialization completed.

시작: 2014년 2월 19일 수요일 13:45:59

Adobe PostScript3018.101
CID support library initialization completed.

시작: 2014년 7월 29일 화요일 15:28:40

Adobe PostScript3018.101
CID support library initialization completed.

시작: 2014년 9월 11일 목요일 9:01:47

Adobe PostScript3018.101
CID support library initialization completed.

시작: 2014년 9월 12일 금요일 8:32:50

Adobe PostScript3018.101
CID support library initialization completed.

시작: 2014년 9월 15일 월요일 8:50:18

Adobe PostScript3018.101
CID support library initialization completed.

시작: 2014년 9월 16일 화요일 9:02:09

Adobe PostScript3018.101
CID support library initialization completed.

시작: 2014년 9월 17일 수요일 8:55:43

Adobe PostScript3018.101
CID support library initialization completed.

시작: 2014년 9월 18일 목요일 8:47:00

Adobe PostScript3018.101
CID support library initialization completed.

시작: 2014년 9월 22일 월요일 8:56:39

Adobe PostScript3018.101
CID support library initialization completed.

시작: 2014년 9월 23일 화요일 8:39:35

Adobe PostScript3018.101
CID support library initialization completed.

시작: 2014년 9월 24일 수요일 8:48:28

Adobe PostScript3018.101
CID support library initialization completed.

시작: 2014년 9월 25일 목요일 9:11:35

Adobe PostScript3018.101
CID support library initialization completed.

시작: 2014년 9월 26일 금요일 13:36:46

Adobe PostScript3018.101
CID support library initialization completed.

시작: 2014년 9월 29일 월요일 8:59:19

Adobe PostScript3018.101
CID support library initialization completed.

시작: 2014년 9월 30일 화요일 8:54:49

Adobe PostScript3018.101
CID support library initialization completed.

시작: 2014년 9월 30일 화요일 10:24:57

Adobe PostScript3018.101
CID support library initialization completed.

시작: 2014년 10월 1일 수요일 8:41:11

Adobe PostScript3018.101
CID support library initialization completed.

시작: 2014년 10월 1일 수요일 12:18:16

Adobe PostScript3018.101
CID support library initialization completed.

시작: 2014년 10월 1일 수요일 15:32:12

Adobe PostScript3018.101
CID support library initialization completed.

시작: 2014년 10월 2일 목요일 8:44:17

Adobe PostScript3018.101
CID support library initialization completed.

시작: 2014년 10월 6일 월요일 8:33:18

Adobe PostScript3018.101
CID support library initialization completed.

시작: 2014년 10월 7일 화요일 8:51:05

Adobe PostScript3018.101
CID support library initialization completed.

시작: 2014년 10월 10일 금요일 8:56:23

Adobe PostScript3018.101
CID support library initialization completed.

시작: 2014년 10월 11일 토요일 11:44:53

Adobe PostScript3018.101
CID support library initialization completed.

시작: 2014년 10월 13일 월요일 8:46:54

Adobe PostScript3018.101
CID support library initialization completed.

시작: 2014년 10월 14일 화요일 8:50:44

Adobe PostScript3018.101
CID support library initialization completed.

시작: 2014년 10월 16일 목요일 8:49:36

Adobe PostScript3018.101
CID support library initialization completed.

시작: 2014년 10월 17일 금요일 8:38:51

Adobe PostScript3018.101
CID support library initialization completed.

시작: 2014년 10월 17일 금요일 17:02:01

Adobe PostScript3018.101
CID support library initialization completed.

시작: 2014년 10월 20일 월요일 8:49:44

Adobe PostScript3018.101
CID support library initialization completed.

시작: 2014년 10월 21일 화요일 8:52:30

Adobe PostScript3018.101
CID support library initialization completed.

시작: 2014년 10월 22일 수요일 8:42:02

Adobe PostScript3018.101
CID support library initialization completed.

시작: 2014년 10월 23일 목요일 8:55:16

Adobe PostScript3018.101
CID support library initialization completed.

시작: 2014년 10월 24일 금요일 8:51:17

Adobe PostScript3018.101
CID support library initialization completed.

시작: 2014년 10월 28일 화요일 8:43:46

Adobe PostScript3018.101
CID support library initialization completed.

시작: 2014년 10월 29일 수요일 8:46:14

Adobe PostScript3018.101
CID support library initialization completed.

시작: 2014년 10월 30일 목요일 8:49:25

Adobe PostScript3018.101
CID support library initialization completed.

시작: 2014년 10월 31일 금요일 8:51:40

Adobe PostScript3018.101
CID support library initialization completed.

시작: 2014년 11월 2일 일요일 7:56:55

Adobe PostScript3018.101
CID support library initialization completed.

시작: 2014년 11월 2일 일요일 12:01:57

Adobe PostScript3018.101
CID support library initialization completed.

시작: 2014년 11월 3일 월요일 13:44:31

Adobe PostScript3018.101
CID support library initialization completed.

시작: 2014년 11월 4일 화요일 8:47:36

Adobe PostScript3018.101
CID support library initialization completed.

시작: 2014년 11월 5일 수요일 8:56:15

Adobe PostScript3018.101
CID support library initialization completed.

시작: 2014년 11월 6일 목요일 9:11:30

Adobe PostScript3018.101
CID support library initialization completed.

시작: 2014년 11월 7일 금요일 10:10:29

Adobe PostScript3018.101
CID support library initialization completed.

시작: 2014년 11월 10일 월요일 8:55:47

Adobe PostScript3018.101
CID support library initialization completed.

시작: 2014년 11월 12일 수요일 8:54:58

Adobe PostScript3018.101
CID support library initialization completed.

시작: 2014년 11월 13일 목요일 9:43:12

Adobe PostScript3018.101
CID support library initialization completed.

시작: 2014년 11월 14일 금요일 8:49:59

Adobe PostScript3018.101
CID support library initialization completed.

시작: 2014년 11월 16일 일요일 8:36:52

Adobe PostScript3018.101
CID support library initialization completed.

시작: 2014년 11월 17일 월요일 8:50:55

Adobe PostScript3018.101
CID support library initialization completed.

시작: 2014년 11월 18일 화요일 8:30:19

Adobe PostScript3018.101
CID support library initialization completed.

시작: 2014년 11월 19일 수요일 8:51:25

Adobe PostScript3018.101
CID support library initialization completed.

시작: 2014년 11월 20일 목요일 8:53:10

Adobe PostScript3018.101
CID support library initialization completed.

시작: 2014년 11월 21일 금요일 8:54:26

Adobe PostScript3018.101
CID support library initialization completed.

시작: 2014년 11월 24일 월요일 8:51:02

Adobe PostScript3018.101
CID support library initialization completed.

시작: 2014년 11월 25일 화요일 8:48:43

Adobe PostScript3018.101
CID support library initialization completed.

시작: 2014년 11월 26일 수요일 8:33:11

Adobe PostScript3018.101
CID support library initialization completed.

시작: 2014년 11월 27일 목요일 13:32:00

Adobe PostScript3018.101
CID support library initialization completed.

시작: 2014년 11월 28일 금요일 8:42:19

Adobe PostScript3018.101
CID support library initialization completed.

시작: 2014년 12월 1일 월요일 8:39:44

Adobe PostScript3018.101
CID support library initialization completed.

시작: 2014년 12월 2일 화요일 8:37:11

Adobe PostScript3018.101
CID support library initialization completed.

시작: 2014년 12월 3일 수요일 9:07:36

Adobe PostScript3018.101
CID support library initialization completed.

시작: 2014년 12월 5일 금요일 8:43:23

Adobe PostScript3018.101
CID support library initialization completed.

시작: 2014년 12월 8일 월요일 8:51:33

Adobe PostScript3018.101
CID support library initialization completed.

시작: 2014년 12월 9일 화요일 8:38:01

Adobe PostScript3018.101
CID support library initialization completed.

시작: 2014년 12월 10일 수요일 8:54:49

Adobe PostScript3018.101
CID support library initialization completed.

시작: 2014년 12월 11일 목요일 8:42:22

Adobe PostScript3018.101
CID support library initialization completed.

시작: 2014년 12월 12일 금요일 8:45:54

Adobe PostScript3018.101
CID support library initialization completed.

시작: 2014년 12월 16일 화요일 8:50:22

Adobe PostScript3018.101
CID support library initialization completed.

시작: 2014년 12월 17일 수요일 8:56:13

Adobe PostScript3018.101
CID support library initialization completed.

시작: 2014년 12월 18일 목요일 8:44:06

Adobe PostScript3018.101
CID support library initialization completed.

시작: 2014년 12월 19일 금요일 8:54:25

Adobe PostScript3018.101
CID support library initialization completed.

시작: 2014년 12월 20일 토요일 12:41:22

Adobe PostScript3018.101
CID support library initialization completed.

시작: 2014년 12월 22일 월요일 8:50:44

Adobe PostScript3018.101
CID support library initialization completed.

시작: 2014년 12월 23일 화요일 8:54:49

Adobe PostScript3018.101
CID support library initialization completed.

시작: 2014년 12월 23일 화요일 12:10:26

Adobe PostScript3018.101
CID support library initialization completed.

시작: 2014년 12월 24일 수요일 13:49:52

Adobe PostScript3018.101
CID support library initialization completed.

시작: 2014년 12월 30일 화요일 8:33:27

Adobe PostScript3018.101
CID support library initialization completed.

시작: 2014년 12월 31일 수요일 8:56:58

Adobe PostScript3018.101
CID support library initialization completed.

시작: 2015년 1월 2일 금요일 8:49:41

Adobe PostScript3018.101
CID support library initialization completed.

시작: 2015년 1월 5일 월요일 8:53:48

Adobe PostScript3018.101
CID support library initialization completed.

시작: 2015년 1월 5일 월요일 13:00:53

Adobe PostScript3018.101
CID support library initialization completed.

시작: 2015년 1월 6일 화요일 8:32:52

Adobe PostScript3018.101
CID support library initialization completed.

시작: 2015년 1월 7일 수요일 8:59:05

Adobe PostScript3018.101
CID support library initialization completed.

시작: 2015년 1월 8일 목요일 8:50:39

Adobe PostScript3018.101
CID support library initialization completed.

시작: 2015년 1월 9일 금요일 8:49:13

Adobe PostScript3018.101
CID support library initialization completed.

시작: 2015년 1월 12일 월요일 8:57:41

Adobe PostScript3018.101
CID support library initialization completed.

시작: 2015년 1월 13일 화요일 8:50:19

Adobe PostScript3018.101
CID support library initialization completed.

시작: 2015년 1월 14일 수요일 9:02:36

Adobe PostScript3018.101
CID support library initialization completed.

시작: 2015년 1월 14일 수요일 9:36:36

Adobe PostScript3018.101
CID support library initialization completed.

시작: 2015년 1월 15일 목요일 8:55:16

Adobe PostScript3018.101
CID support library initialization completed.

시작: 2015년 1월 19일 월요일 8:57:48

Adobe PostScript3018.101
CID support library initialization completed.

시작: 2015년 1월 20일 화요일 9:16:34

Adobe PostScript3018.101
CID support library initialization completed.

시작: 2015년 1월 21일 수요일 8:46:57

Adobe PostScript3018.101
CID support library initialization completed.

시작: 2015년 1월 22일 목요일 8:49:23

Adobe PostScript3018.101
CID support library initialization completed.

시작: 2015년 1월 23일 금요일 8:44:13

Adobe PostScript3018.101
CID support library initialization completed.

시작: 2015년 1월 26일 월요일 13:05:42

Adobe PostScript3018.101
CID support library initialization completed.

시작: 2015년 1월 27일 화요일 8:44:11

Adobe PostScript3018.101
CID support library initialization completed.

시작: 2015년 1월 28일 수요일 8:51:44

Adobe PostScript3018.101
CID support library initialization completed.

시작: 2015년 1월 29일 목요일 8:59:18

Adobe PostScript3018.101
CID support library initialization completed.

시작: 2015년 2월 3일 화요일 8:53:05

Adobe PostScript3018.101
CID support library initialization completed.

시작: 2015년 2월 4일 수요일 8:54:25

Adobe PostScript3018.101
CID support library initialization completed.

시작: 2015년 2월 5일 목요일 8:54:01

Adobe PostScript3018.101
CID support library initialization completed.

시작: 2015년 2월 6일 금요일 8:53:19

Adobe PostScript3018.101
CID support library initialization completed.

시작: 2015년 2월 9일 월요일 8:20:12

Adobe PostScript3018.101
CID support library initialization completed.

시작: 2015년 2월 10일 화요일 12:40:59

Adobe PostScript3018.101
CID support library initialization completed.

시작: 2015년 2월 11일 수요일 9:03:49

Adobe PostScript3018.101
CID support library initialization completed.

시작: 2015년 2월 12일 목요일 8:46:18

Adobe PostScript3018.101
CID support library initialization completed.

시작: 2015년 2월 13일 금요일 8:56:19

Adobe PostScript3018.101
CID support library initialization completed.

시작: 2015년 2월 23일 월요일 8:39:25

Adobe PostScript3018.101
CID support library initialization completed.

시작: 2015년 2월 24일 화요일 8:46:59

Adobe PostScript3018.101
CID support library initialization completed.

시작: 2015년 2월 25일 수요일 8:59:22

Adobe PostScript3018.101
CID support library initialization completed.

시작: 2015년 2월 26일 목요일 8:59:42

Adobe PostScript3018.101
CID support library initialization completed.

시작: 2015년 3월 2일 월요일 8:55:25

Adobe PostScript3018.101
CID support library initialization completed.

시작: 2015년 3월 3일 화요일 8:55:10

Adobe PostScript3018.101
CID support library initialization completed.

시작: 2015년 3월 4일 수요일 9:03:27

Adobe PostScript3018.101
CID support library initialization completed.

시작: 2015년 3월 5일 목요일 8:50:06

Adobe PostScript3018.101
CID support library initialization completed.

시작: 2015년 3월 5일 목요일 9:33:47

Adobe PostScript3018.101
CID support library initialization completed.

시작: 2015년 3월 6일 금요일 8:48:09

Adobe PostScript3018.101
CID support library initialization completed.

시작: 2015년 3월 9일 월요일 8:59:14

Adobe PostScript3018.101
CID support library initialization completed.

시작: 2015년 3월 10일 화요일 8:53:06

Adobe PostScript3018.101
CID support library initialization completed.

시작: 2015년 3월 11일 수요일 8:54:30

Adobe PostScript3018.101
CID support library initialization completed.

시작: 2015년 3월 12일 목요일 8:51:04

Adobe PostScript3018.101
CID support library initialization completed.

시작: 2015년 3월 13일 금요일 8:42:39

Adobe PostScript3018.101
CID support library initialization completed.

시작: 2015년 3월 13일 금요일 13:13:27

Adobe PostScript3018.101
CID support library initialization completed.

시작: 2015년 3월 16일 월요일 8:51:50

Adobe PostScript3018.101
CID support library initialization completed.

시작: 2015년 3월 17일 화요일 8:55:20

Adobe PostScript3018.101
CID support library initialization completed.

시작: 2015년 3월 18일 수요일 8:45:18

Adobe PostScript3018.101
CID support library initialization completed.

시작: 2015년 3월 19일 목요일 8:54:14

Adobe PostScript3018.101
CID support library initialization completed.

시작: 2015년 3월 20일 금요일 8:54:47

Adobe PostScript3018.101
CID support library initialization completed.

시작: 2015년 3월 23일 월요일 9:01:23

Adobe PostScript3018.101
CID support library initialization completed.

시작: 2015년 3월 24일 화요일 8:57:05

Adobe PostScript3018.101
CID support library initialization completed.

시작: 2015년 3월 25일 수요일 8:55:55

Adobe PostScript3018.101
CID support library initialization completed.

시작: 2015년 3월 26일 목요일 8:54:30

Adobe PostScript3018.101
CID support library initialization completed.

시작: 2015년 3월 27일 금요일 8:57:15

Adobe PostScript3018.101
CID support library initialization completed.

시작: 2015년 3월 30일 월요일 8:53:58

Adobe PostScript3018.101
CID support library initialization completed.

시작: 2015년 3월 31일 화요일 9:47:59

Adobe PostScript3018.101
CID support library initialization completed.

시작: 2015년 4월 1일 수요일 8:59:16

Adobe PostScript3018.101
CID support library initialization completed.

시작: 2015년 4월 2일 목요일 8:44:31

Adobe PostScript3018.101
CID support library initialization completed.

시작: 2015년 4월 2일 목요일 15:15:03

Adobe PostScript3018.101
CID support library initialization completed.

시작: 2015년 4월 6일 월요일 8:59:07

Adobe PostScript3018.101
CID support library initialization completed.

시작: 2015년 4월 7일 화요일 8:51:51

Adobe PostScript3018.101
CID support library initialization completed.

시작: 2015년 4월 7일 화요일 15:50:29

Adobe PostScript3018.101
CID support library initialization completed.

시작: 2015년 4월 8일 수요일 8:47:32

Adobe PostScript3018.101
CID support library initialization completed.

시작: 2015년 4월 8일 수요일 9:21:59

Adobe PostScript3018.101
CID support library initialization completed.

시작: 2015년 4월 9일 목요일 8:54:39

Adobe PostScript3018.101
CID support library initialization completed.

시작: 2015년 4월 10일 금요일 9:03:35

Adobe PostScript3018.101
CID support library initialization completed.

시작: 2015년 4월 13일 월요일 8:58:06

Adobe PostScript3018.101
CID support library initialization completed.

시작: 2015년 4월 14일 화요일 8:58:40

Adobe PostScript3018.101
CID support library initialization completed.

시작: 2015년 4월 15일 수요일 8:53:33

Adobe PostScript3018.101
CID support library initialization completed.

시작: 2015년 4월 17일 금요일 8:54:03

Adobe PostScript3018.101
CID support library initialization completed.

시작: 2015년 4월 20일 월요일 8:56:43

Adobe PostScript3018.101
CID support library initialization completed.

시작: 2015년 4월 21일 화요일 8:59:15

Adobe PostScript3018.101
CID support library initialization completed.

시작: 2015년 4월 22일 수요일 8:53:34

Adobe PostScript3018.101
CID support library initialization completed.

시작: 2015년 4월 23일 목요일 8:58:18

Adobe PostScript3018.101
CID support library initialization completed.

시작: 2015년 4월 23일 목요일 13:57:21

Adobe PostScript3018.101
CID support library initialization completed.

시작: 2015년 4월 24일 금요일 9:04:09

Adobe PostScript3018.101
CID support library initialization completed.

시작: 2015년 4월 27일 월요일 8:53:00

Adobe PostScript3018.101
CID support library initialization completed.

시작: 2015년 4월 28일 화요일 13:59:13

Adobe PostScript3018.101
CID support library initialization completed.

시작: 2015년 4월 29일 수요일 9:14:41

Adobe PostScript3018.101
CID support library initialization completed.

시작: 2015년 4월 29일 수요일 16:59:16

Adobe PostScript3018.101
CID support library initialization completed.

시작: 2015년 4월 30일 목요일 9:23:08

Adobe PostScript3018.101
CID support library initialization completed.

시작: 2015년 5월 4일 월요일 8:57:17

Adobe PostScript3018.101
CID support library initialization completed.

시작: 2015년 5월 6일 수요일 8:56:09

Adobe PostScript3018.101
CID support library initialization completed.

시작: 2015년 5월 7일 목요일 8:57:33

Adobe PostScript3018.101
CID support library initialization completed.

시작: 2015년 5월 8일 금요일 9:02:13

Adobe PostScript3018.101
CID support library initialization completed.

시작: 2015년 5월 10일 일요일 7:15:04

Adobe PostScript3018.101
CID support library initialization completed.

시작: 2015년 5월 11일 월요일 9:05:22

Adobe PostScript3018.101
CID support library initialization completed.

시작: 2015년 5월 12일 화요일 9:00:58

Adobe PostScript3018.101
CID support library initialization completed.

시작: 2015년 5월 13일 수요일 8:57:52

Adobe PostScript3018.101
CID support library initialization completed.

시작: 2015년 5월 14일 목요일 8:53:09

Adobe PostScript3018.101
CID support library initialization completed.

시작: 2015년 5월 15일 금요일 8:59:10

Adobe PostScript3018.101
CID support library initialization completed.

시작: 2015년 5월 18일 월요일 9:03:50

Adobe PostScript3018.101
CID support library initialization completed.

시작: 2015년 5월 19일 화요일 8:42:28

Adobe PostScript3018.101
CID support library initialization completed.

시작: 2015년 5월 20일 수요일 8:56:29

Adobe PostScript3018.101
CID support library initialization completed.

시작: 2015년 5월 21일 목요일 9:03:56

Adobe PostScript3018.101
CID support library initialization completed.

시작: 2015년 5월 22일 금요일 8:58:41

Adobe PostScript3018.101
CID support library initialization completed.

시작: 2015년 5월 26일 화요일 8:49:25

Adobe PostScript3018.101
CID support library initialization completed.

시작: 2015년 5월 27일 수요일 8:56:56

Adobe PostScript3018.101
CID support library initialization completed.

시작: 2015년 5월 28일 목요일 8:59:12

Adobe PostScript3018.101
CID support library initialization completed.

시작: 2015년 5월 29일 금요일 9:01:24

Adobe PostScript3018.101
CID support library initialization completed.

시작: 2015년 6월 1일 월요일 8:56:02

Adobe PostScript3018.101
CID support library initialization completed.

시작: 2015년 6월 2일 화요일 9:00:04

Adobe PostScript3018.101
CID support library initialization completed.

시작: 2015년 6월 3일 수요일 9:01:57

Adobe PostScript3018.101
CID support library initialization completed.

시작: 2015년 6월 4일 목요일 8:58:08

Adobe PostScript3018.101
CID support library initialization completed.

시작: 2015년 6월 5일 금요일 9:36:39

Adobe PostScript3018.101
CID support library initialization completed.

시작: 2015년 6월 8일 월요일 8:55:32

Adobe PostScript3018.101
CID support library initialization completed.

시작: 2015년 6월 9일 화요일 8:56:50

Adobe PostScript3018.101
CID support library initialization completed.

시작: 2015년 6월 10일 수요일 9:00:28

Adobe PostScript3018.101
CID support library initialization completed.

시작: 2015년 6월 11일 목요일 8:59:33

Adobe PostScript3018.101
CID support library initialization completed.
